[30Jun2021 00:00:00.041] [Server thread/INFO] [tombstone/]: All players have been successfully backed up
[30Jun2021 00:20:00.018] [Server thread/INFO] [tombstone/]: All players have been successfully backed up
[30Jun2021 00:40:00.002] [Server thread/INFO] [tombstone/]: All players have been successfully backed up
[30Jun2021 00:40:00.040] [Server thread/INFO] [tombstone/]: All players have been successfully backed up
[30Jun2021 01:00:00.012] [Server thread/INFO] [tombstone/]: All players have been successfully backed up
[30Jun2021 01:40:00.040] [Server thread/INFO] [tombstone/]: All players have been successfully backed up
[30Jun2021 02:00:00.009] [Server thread/INFO] [tombstone/]: All players have been successfully backed up
[30Jun2021 02:00:00.042] [Server thread/INFO] [tombstone/]: All players have been successfully backed up
[30Jun2021 02:20:00.001] [Server thread/INFO] [tombstone/]: All players have been successfully backed up
[30Jun2021 02:20:00.041] [Server thread/INFO] [tombstone/]: All players have been successfully backed up
[30Jun2021 02:40:00.029] [Server thread/INFO] [tombstone/]: All players have been successfully backed up
[30Jun2021 03:00:00.048] [Server thread/INFO] [tombstone/]: All players have been successfully backed up
[30Jun2021 03:20:00.011] [Server thread/INFO] [tombstone/]: All players have been successfully backed up
[30Jun2021 03:20:00.043] [Server thread/INFO] [tombstone/]: All players have been successfully backed up
[30Jun2021 03:40:00.000] [Server thread/INFO] [tombstone/]: All players have been successfully backed up
[30Jun2021 03:40:00.047] [Server thread/INFO] [tombstone/]: All players have been successfully backed up
[30Jun2021 04:20:00.015] [Server thread/INFO] [tombstone/]: All players have been successfully backed up
[30Jun2021 04:20:00.042] [Server thread/INFO] [tombstone/]: All players have been successfully backed up
[30Jun2021 04:40:00.050] [Server thread/INFO] [tombstone/]: All players have been successfully backed up
[30Jun2021 05:00:00.042] [Server thread/INFO] [tombstone/]: All players have been successfully backed up
[30Jun2021 05:20:00.022] [Server thread/INFO] [tombstone/]: All players have been successfully backed up
[30Jun2021 05:20:00.043] [Server thread/INFO] [tombstone/]: All players have been successfully backed up
[30Jun2021 05:40:00.041] [Server thread/INFO] [tombstone/]: All players have been successfully backed up
[30Jun2021 06:00:00.021] [Server thread/INFO] [tombstone/]: All players have been successfully backed up
[30Jun2021 06:00:00.042] [Server thread/INFO] [tombstone/]: All players have been successfully backed up
[30Jun2021 06:20:00.041] [Server thread/INFO] [tombstone/]: All players have been successfully backed up
[30Jun2021 06:40:00.041] [Server thread/INFO] [tombstone/]: All players have been successfully backed up
[30Jun2021 07:00:00.041] [Server thread/INFO] [tombstone/]: All players have been successfully backed up
[30Jun2021 07:20:00.042] [Server thread/INFO] [tombstone/]: All players have been successfully backed up
[30Jun2021 07:40:00.015] [Server thread/INFO] [tombstone/]: All players have been successfully backed up
[30Jun2021 07:40:00.042] [Server thread/INFO] [tombstone/]: All players have been successfully backed up
[30Jun2021 08:00:00.008] [Server thread/INFO] [tombstone/]: All players have been successfully backed up
[30Jun2021 08:00:00.047] [Server thread/INFO] [tombstone/]: All players have been successfully backed up
[30Jun2021 08:20:00.042] [Server thread/INFO] [tombstone/]: All players have been successfully backed up
[30Jun2021 08:40:00.030] [Server thread/INFO] [tombstone/]: All players have been successfully backed up
[30Jun2021 09:00:00.043] [Server thread/INFO] [tombstone/]: All players have been successfully backed up
[30Jun2021 09:20:00.040] [Server thread/INFO] [tombstone/]: All players have been successfully backed up
[30Jun2021 09:40:00.005] [Server thread/INFO] [tombstone/]: All players have been successfully backed up
[30Jun2021 09:40:00.042] [Server thread/INFO] [tombstone/]: All players have been successfully backed up
[30Jun2021 10:00:00.001] [Server thread/INFO] [tombstone/]: All players have been successfully backed up
[30Jun2021 10:20:00.006] [Server thread/INFO] [tombstone/]: All players have been successfully backed up
[30Jun2021 10:20:00.048] [Server thread/INFO] [tombstone/]: All players have been successfully backed up
[30Jun2021 10:40:00.016] [Server thread/INFO] [tombstone/]: All players have been successfully backed up
[30Jun2021 10:40:00.041] [Server thread/INFO] [tombstone/]: All players have been successfully backed up
[30Jun2021 11:00:00.042] [Server thread/INFO] [tombstone/]: All players have been successfully backed up
[30Jun2021 11:20:00.042] [Server thread/INFO] [tombstone/]: All players have been successfully backed up
[30Jun2021 11:40:00.021] [Server thread/INFO] [tombstone/]: All players have been successfully backed up
[30Jun2021 11:40:00.042] [Server thread/INFO] [tombstone/]: All players have been successfully backed up
[30Jun2021 12:00:00.041] [Server thread/INFO] [tombstone/]: All players have been successfully backed up
[30Jun2021 12:20:00.043] [Server thread/INFO] [tombstone/]: All players have been successfully backed up
[30Jun2021 12:40:00.028] [Server thread/INFO] [tombstone/]: All players have been successfully backed up
[30Jun2021 13:00:00.024] [Server thread/INFO] [tombstone/]: All players have been successfully backed up
[30Jun2021 13:00:00.044] [Server thread/INFO] [tombstone/]: All players have been successfully backed up
[30Jun2021 13:20:00.041] [Server thread/INFO] [tombstone/]: All players have been successfully backed up
[30Jun2021 13:40:00.002] [Server thread/INFO] [tombstone/]: All players have been successfully backed up
[30Jun2021 13:40:00.042] [Server thread/INFO] [tombstone/]: All players have been successfully backed up
[30Jun2021 14:00:00.044] [Server thread/INFO] [tombstone/]: All players have been successfully backed up
[30Jun2021 14:20:00.001] [Server thread/INFO] [tombstone/]: All players have been successfully backed up
[30Jun2021 14:40:00.042] [Server thread/INFO] [tombstone/]: All players have been successfully backed up
[30Jun2021 15:00:00.030] [Server thread/INFO] [tombstone/]: All players have been successfully backed up
[30Jun2021 15:20:00.022] [Server thread/INFO] [tombstone/]: All players have been successfully backed up
[30Jun2021 15:20:00.044] [Server thread/INFO] [tombstone/]: All players have been successfully backed up
[30Jun2021 15:40:00.042] [Server thread/INFO] [tombstone/]: All players have been successfully backed up
[30Jun2021 16:00:00.027] [Server thread/INFO] [tombstone/]: All players have been successfully backed up
[30Jun2021 16:00:00.049] [Server thread/INFO] [tombstone/]: All players have been successfully backed up
[30Jun2021 16:20:00.028] [Server thread/INFO] [tombstone/]: All players have been successfully backed up
[30Jun2021 16:40:00.042] [Server thread/INFO] [tombstone/]: All players have been successfully backed up
[30Jun2021 17:00:00.008] [Server thread/INFO] [tombstone/]: All players have been successfully backed up
[30Jun2021 17:20:00.041] [Server thread/INFO] [tombstone/]: All players have been successfully backed up
[30Jun2021 17:40:00.020] [Server thread/INFO] [tombstone/]: All players have been successfully backed up
[30Jun2021 18:00:00.041] [Server thread/INFO] [tombstone/]: All players have been successfully backed up
[30Jun2021 18:20:00.041] [Server thread/INFO] [tombstone/]: All players have been successfully backed up
[30Jun2021 18:40:00.022] [Server thread/INFO] [tombstone/]: All players have been successfully backed up
[30Jun2021 18:40:00.044] [Server thread/INFO] [tombstone/]: All players have been successfully backed up
[30Jun2021 19:00:00.043] [Server thread/INFO] [tombstone/]: All players have been successfully backed up
[30Jun2021 19:32:24.204] [Server thread/INFO] [net.minecraft.server.dedicated.DedicatedServer/]: Stopping the server
[30Jun2021 19:32:24.222] [Server thread/INFO] [net.minecraft.server.MinecraftServer/]: Stopping server
[30Jun2021 19:32:24.223] [Server thread/INFO] [net.minecraft.server.MinecraftServer/]: Saving players
[30Jun2021 19:32:24.223] [Server thread/INFO] [net.minecraft.server.MinecraftServer/]: Saving worlds
[30Jun2021 19:32:24.223] [Server thread/INFO] [net.minecraft.server.MinecraftServer/]: Saving chunks for level 'ServerLevel[world]'/minecraft:overworld
[30Jun2021 19:32:24.844] [Server thread/INFO] [net.minecraft.world.server.ChunkManager/]: ThreadedAnvilChunkStorage (world): All chunks are saved
[30Jun2021 19:32:24.844] [Server thread/INFO] [net.minecraft.server.MinecraftServer/]: Saving chunks for level 'ServerLevel[world]'/minecraft:the_nether
[30Jun2021 19:32:24.846] [Server thread/INFO] [net.minecraft.world.server.ChunkManager/]: ThreadedAnvilChunkStorage (DIM-1): All chunks are saved
[30Jun2021 19:32:24.846] [Server thread/INFO] [net.minecraft.server.MinecraftServer/]: Saving chunks for level 'ServerLevel[world]'/minecraft:the_end
[30Jun2021 19:32:24.846] [Server thread/INFO] [net.minecraft.world.server.ChunkManager/]: ThreadedAnvilChunkStorage (DIM1): All chunks are saved
[30Jun2021 19:32:24.846] [Server thread/INFO] [net.minecraft.server.MinecraftServer/]: Saving chunks for level 'ServerLevel[world]'/allthemodium:mining
[30Jun2021 19:32:24.856] [Server thread/INFO] [net.minecraft.world.server.ChunkManager/]: ThreadedAnvilChunkStorage (mining): All chunks are saved
[30Jun2021 19:32:24.857] [Server thread/INFO] [net.minecraft.server.MinecraftServer/]: Saving chunks for level 'ServerLevel[world]'/mythicbotany:alfheim
[30Jun2021 19:32:24.857] [Server thread/INFO] [net.minecraft.world.server.ChunkManager/]: ThreadedAnvilChunkStorage (alfheim): All chunks are saved
[30Jun2021 19:32:24.858] [Server thread/INFO] [net.minecraft.server.MinecraftServer/]: Saving chunks for level 'ServerLevel[world]'/allthemodium:the_other
[30Jun2021 19:32:24.859] [Server thread/INFO] [net.minecraft.world.server.ChunkManager/]: ThreadedAnvilChunkStorage (the_other): All chunks are saved
[30Jun2021 19:32:24.976] [Server thread/INFO] [net.minecraft.world.server.ChunkManager/]: ThreadedAnvilChunkStorage (world): All chunks are saved
[30Jun2021 19:32:24.990] [Server thread/INFO] [net.minecraft.world.server.ChunkManager/]: ThreadedAnvilChunkStorage (DIM-1): All chunks are saved
[30Jun2021 19:32:24.993] [Server thread/INFO] [net.minecraft.world.server.ChunkManager/]: ThreadedAnvilChunkStorage (DIM1): All chunks are saved
[30Jun2021 19:32:24.995] [Server thread/INFO] [net.minecraft.world.server.ChunkManager/]: ThreadedAnvilChunkStorage (mining): All chunks are saved
[30Jun2021 19:32:24.999] [Server thread/INFO] [net.minecraft.world.server.ChunkManager/]: ThreadedAnvilChunkStorage (alfheim): All chunks are saved
[30Jun2021 19:32:24.999] [Server thread/INFO] [net.minecraft.world.server.ChunkManager/]: ThreadedAnvilChunkStorage (the_other): All chunks are saved
